<?xml version="1.0" encoding="UTF-8"?>
<!-- Generated by org.testng.reporters.JUnitReportReporter -->
<testsuite hostname="Avijit-PC" failures="0" tests="1" name="TestRunner1" time="3.378" errors="0" timestamp="2023-08-25T16:56:54 BST" skipped="0">
  <testcase classname="TestRunner1" name="testWebFormApplication" time="3.378"/>
  <system-out/>
</testsuite> <!-- TestRunner1 -->
