<?xml version="1.0" encoding="UTF-8"?>
<!-- Generated by org.testng.reporters.JUnitReportReporter -->
<testsuite hostname="Avijit-PC" failures="0" tests="3" name="TestRunner" time="25.387" errors="0" timestamp="2023-08-25T16:56:54 BST" skipped="0">
  <testcase classname="TestRunner" name="testWebFormApplicationwithObjTestData" time="8.635"/>
  <system-out/>
  <testcase classname="TestRunner" name="testWebFormApplicationwithObjTestData" time="8.361"/>
  <system-out/>
  <testcase classname="TestRunner" name="testWebFormApplicationwithObjTestData" time="8.391"/>
  <system-out/>
</testsuite> <!-- TestRunner -->
