<?xml version="1.0" encoding="UTF-8"?>
<!-- Generated by org.testng.reporters.JUnitReportReporter -->
<testsuite hostname="Avijit-PC" failures="0" tests="2" name="TestOrangeHRM" time="10.779" errors="0" timestamp="2023-08-25T16:56:54 BST" skipped="0">
  <testcase classname="TestOrangeHRM" name="testOrangeHRM" time="5.663"/>
  <system-out/>
  <testcase classname="TestOrangeHRM" name="testOrangeHRM" time="5.116"/>
  <system-out/>
</testsuite> <!-- TestOrangeHRM -->
